<program>
 Reserved Word: class
 IDENTIFIER: CS316ex6
 {
 <dataFieldDecl>
  Reserved Word: static
  <varDecl>
   Reserved Word: int
   <singleVarDecl>
    IDENTIFIER: arg
    ... node has no more children
   ,
   <singleVarDecl>
    IDENTIFIER: arg1
    ... node has no more children
   ,
   <singleVarDecl>
    IDENTIFIER: arg2
    ... node has no more children
   ;
   ... node has no more children
  ... node has no more children
 <dataFieldDecl>
  Reserved Word: static
  <varDecl>
   Reserved Word: int
   <singleVarDecl>
    IDENTIFIER: number
    ... node has no more children
   ,
   <singleVarDecl>
    IDENTIFIER: sqrt
    ... node has no more children
   ,
   <singleVarDecl>
    IDENTIFIER: minArg
    ... node has no more children
   ,
   <singleVarDecl>
    IDENTIFIER: result
    ... node has no more children
   ;
   ... node has no more children
  ... node has no more children
 <mainDecl>
  Reserved Word: public
  Reserved Word: static
  Reserved Word: void
  Reserved Word: main
  (
  Reserved Word: String
  IDENTIFIER: argv
  [
  ]
  )
  <compoundStmt>
   {
   <statement>
    <assignmentOrInvoc>
     IDENTIFIER: arg
     =
     <expr3>
      <expr2>
       <expr1>
        UNSIGNED INTEGER LITERAL: 4
        ... node has no more children
       ... node has no more children
      ... node has no more children
     ;
     ... node has no more children
    ... node has no more children
   <statement>
    <assignmentOrInvoc>
     IDENTIFIER: sqTr
     <argumentList>
      (
      )
      ... node has no more children
     ;
     ... node has no more children
    ... node has no more children
   <statement>
    <assignmentOrInvoc>
     IDENTIFIER: number
     =
     <expr3>
      <expr2>
       <expr1>
        UNSIGNED INTEGER LITERAL: 3
        ... node has no more children
       *
       <expr1>
        UNSIGNED INTEGER LITERAL: 100
        ... node has no more children
       *
       <expr1>
        UNSIGNED INTEGER LITERAL: 100
        ... node has no more children
       ... node has no more children
      ... node has no more children
     ;
     ... node has no more children
    ... node has no more children
   <statement>
    <assignmentOrInvoc>
     IDENTIFIER: arg1
     =
     <expr3>
      <expr2>
       <expr1>
        UNSIGNED INTEGER LITERAL: 1
        ... node has no more children
       ... node has no more children
      ... node has no more children
     ;
     ... node has no more children
    ... node has no more children
   <statement>
    <outputStmt>
     Reserved Word: System
     .
     Reserved Word: out
     .
     Reserved Word: println
     (
     <printArgument>
      <expr3>
       <expr2>
        <expr1>
         IDENTIFIER: number
         ... node has no more children
        ... node has no more children
       ... node has no more children
      ... node has no more children
     )
     ;
     ... node has no more children
    ... node has no more children
   <statement>
    <assignmentOrInvoc>
     IDENTIFIER: squareRoot
     <argumentList>
      (
      )
      ... node has no more children
     ;
     ... node has no more children
    ... node has no more children
   <statement>
    <outputStmt>
     Reserved Word: System
     .
     Reserved Word: out
     .
     Reserved Word: println
     (
     <printArgument>
      <expr3>
       <expr2>
        <expr1>
         IDENTIFIER: sqrt
         ... node has no more children
        ... node has no more children
       ... node has no more children
      ... node has no more children
     )
     ;
     ... node has no more children
    ... node has no more children
   }
   ... node has no more children
  ... node has no more children
 <methodDecl>
  Reserved Word: static
  Reserved Word: void
  IDENTIFIER: squareRoot
  (
  <parameterDeclList>
   <empty>
   ... node has no more children
  )
  <compoundStmt>
   {
   <statement>
    <varDecl>
     Reserved Word: int
     <singleVarDecl>
      IDENTIFIER: done
      =
      <expr3>
       <expr2>
        <expr1>
         UNSIGNED INTEGER LITERAL: 0
         ... node has no more children
        ... node has no more children
       ... node has no more children
      ... node has no more children
     ;
     ... node has no more children
    ... node has no more children
   <statement>
    <assignmentOrInvoc>
     IDENTIFIER: arg2
     =
     <expr3>
      <expr2>
       <expr1>
        IDENTIFIER: number
        ... node has no more children
       /
       <expr1>
        IDENTIFIER: arg1
        ... node has no more children
       ... node has no more children
      ... node has no more children
     ;
     ... node has no more children
    ... node has no more children
   <statement>
    <outputStmt>
     Reserved Word: System
     .
     Reserved Word: out
     .
     Reserved Word: println
     (
     <printArgument>
      <expr3>
       <expr2>
        <expr1>
         IDENTIFIER: arg2
         ... node has no more children
        ... node has no more children
       ... node has no more children
      ... node has no more children
     )
     ;
     ... node has no more children
    ... node has no more children
   <statement>
    <ifStmt>
     Reserved Word: if
     (
     <expr7>
      <expr6>
       <expr5>
        <expr4>
         <expr3>
          <expr2>
           <expr1>
            (
            <expr7>
             <expr6>
              <expr5>
               <expr4>
                <expr3>
                 <expr2>
                  <expr1>
                   IDENTIFIER: arg2
                   ... node has no more children
                  ... node has no more children
                 -
                 <expr2>
                  <expr1>
                   IDENTIFIER: arg1
                   ... node has no more children
                  ... node has no more children
                 ... node has no more children
                )
                <
                <expr3>
                 <expr2>
                  <expr1>
                   UNSIGNED INTEGER LITERAL: 2
                   ... node has no more children
                  ... node has no more children
                 ... node has no more children
                ... node has no more children
               ... node has no more children
              &
              <expr5>
               <expr4>
                <expr3>
                 <expr2>
                  <expr1>
                   -
                   <expr1>
                    UNSIGNED INTEGER LITERAL: 2
                    ... node has no more children
                   ... node has no more children
                  ... node has no more children
                 ... node has no more children
                <
                ... node has no more children
               ... node has no more children
              ... node has no more children
             ... node has no more children
