<program>
 <importStmt>
  Reserved Word: import
  Reserved Word: java
  .
  Reserved Word: util
  .
  Reserved Word: Scanner
  ;
  ... node has no more children
 Reserved Word: class
 IDENTIFIER: CS316ex7
 {
 <dataFieldDecl>
  Reserved Word: static
  <varDecl>
   Reserved Word: Scanner
   IDENTIFIER: input
   =
   Reserved Word: new
   Reserved Word: Scanner
   (
   Reserved Word: System
   .
   Reserved Word: in
   )
   ;
   ... node has no more children
  ... node has no more children
 <dataFieldDecl>
  Reserved Word: static
  <varDecl>
   Reserved Word: int
   <singleVarDecl>
    IDENTIFIER: result
    ... node has no more children
   ,
   <singleVarDecl>
    IDENTIFIER: argument
    ... node has no more children
   ;
   ... node has no more children
  ... node has no more children
 <mainDecl>
  Reserved Word: public
  Reserved Word: static
  Reserved Word: void
  Reserved Word: main
  (
  Reserved Word: String
  IDENTIFIER: argv
  [
  ]
  )
  <compoundStmt>
   {
   <statement>
    <varDecl>
     Reserved Word: int
     <singleVarDecl>
      IDENTIFIER: finished
      =
      <expr3>
       <expr2>
        <expr1>
         UNSIGNED INTEGER LITERAL: 0
         ... node has no more children
        ... node has no more children
       ... node has no more children
      ... node has no more children
     ;
     ... node has no more children
    ... node has no more children
   <statement>
    <whileStmt>
     Reserved Word: while
     (
     <expr7>
      <expr6>
       <expr5>
        <expr4>
         <expr3>
          <expr2>
           <expr1>
            !
            <expr1>
             (
             <expr7>
              <expr6>
               <expr5>
                <expr4>
                 <expr3>
                  <expr2>
                   <expr1>
                    IDENTIFIER: finished
                    ... node has no more children
                   ... node has no more children
                  ... node has no more children
                 ==
                 ... node has no more children
                ... node has no more children
               ... node has no more children
              ... node has no more children
